Log created: 2014-02-06T14:38:06.422361000Z
Executable: /Applications/VirtualBox.app/Contents/MacOS/VBoxHeadless
1: SUPR0AbsIs64bit
2: SUPR0Abs64bitKernelCS
3: SUPR0Abs64bitKernelSS
4: SUPR0Abs64bitKernelDS
5: SUPR0AbsKernelCS
6: SUPR0AbsKernelSS
7: SUPR0AbsKernelDS
8: SUPR0AbsKernelES
9: SUPR0AbsKernelFS
10: SUPR0AbsKernelGS
11: g_pSUPGlobalInfoPage
12: SUPGetGIP
13: SUPR0ComponentDeregisterFactory
14: SUPR0ComponentQueryFactory
15: SUPR0ComponentRegisterFactory
16: SUPR0ContAlloc
17: SUPR0ContFree
18: SUPR0EnableVTx
19: SUPR0SuspendVTxOnCpu
20: SUPR0ResumeVTxOnCpu
21: SUPR0GetPagingMode
22: SUPR0LockMem
23: SUPR0LowAlloc
24: SUPR0LowFree
25: SUPR0MemAlloc
26: SUPR0MemFree
27: SUPR0MemGetPhys
28: SUPR0ObjAddRef
29: SUPR0ObjAddRefEx
30: SUPR0ObjRegister
31: SUPR0ObjRelease
32: SUPR0ObjVerifyAccess
33: SUPR0PageAllocEx
34: SUPR0PageFree
35: SUPR0Printf
36: SUPR0TracerDeregisterDrv
37: SUPR0TracerDeregisterImpl
38: SUPR0TracerFireProbe
39: SUPR0TracerRegisterDrv
40: SUPR0TracerRegisterImpl
41: SUPR0TracerRegisterModule
42: SUPR0TracerUmodProbeFire
43: SUPR0UnlockMem
44: SUPSemEventClose
45: SUPSemEventCreate
46: SUPSemEventGetResolution
47: SUPSemEventMultiClose
48: SUPSemEventMultiCreate
49: SUPSemEventMultiGetResolution
50: SUPSemEventMultiReset
51: SUPSemEventMultiSignal
52: SUPSemEventMultiWait
53: SUPSemEventMultiWaitNoResume
54: SUPSemEventMultiWaitNsAbsIntr
55: SUPSemEventMultiWaitNsRelIntr
56: SUPSemEventSignal
57: SUPSemEventWait
58: SUPSemEventWaitNoResume
59: SUPSemEventWaitNsAbsIntr
60: SUPSemEventWaitNsRelIntr
61: RTAssertAreQuiet
62: RTAssertMayPanic
63: RTAssertMsg1
64: RTAssertMsg2AddV
65: RTAssertMsg2V
66: RTAssertSetMayPanic
67: RTAssertSetQuiet
68: RTCrc32
69: RTCrc32Finish
70: RTCrc32Process
71: RTCrc32Start
72: RTErrConvertFromErrno
73: RTErrConvertToErrno
74: RTHandleTableAllocWithCtx
75: RTHandleTableCreate
76: RTHandleTableCreateEx
77: RTHandleTableDestroy
78: RTHandleTableFreeWithCtx
79: RTHandleTableLookupWithCtx
80: RTLogDefaultInstance
81: RTLogLoggerExV
82: RTLogPrintfV
83: RTLogRelDefaultInstance
84: RTLogSetDefaultInstanceThread
85: RTMemAllocExTag
86: RTMemAllocTag
87: RTMemAllocVarTag
88: RTMemAllocZTag
89: RTMemAllocZVarTag
90: RTMemDupExTag
91: RTMemDupTag
92: RTMemFree
93: RTMemFreeEx
94: RTMemReallocTag
95: RTMpCpuId
96: RTMpCpuIdFromSetIndex
97: RTMpCpuIdToSetIndex
98: RTMpGetArraySize
99: RTMpGetCount
100: RTMpGetMaxCpuId
101: RTMpGetOnlineCount
102: RTMpGetOnlineSet
103: RTMpGetSet
104: RTMpIsCpuOnline
105: RTMpIsCpuPossible
106: RTMpIsCpuWorkPending
107: RTMpNotificationDeregister
108: RTMpNotificationRegister
109: RTMpOnAll
110: RTMpOnOthers
111: RTMpOnSpecific
112: RTMpPokeCpu
113: RTNetIPv4AddDataChecksum
114: RTNetIPv4AddTCPChecksum
115: RTNetIPv4AddUDPChecksum
116: RTNetIPv4FinalizeChecksum
117: RTNetIPv4HdrChecksum
118: RTNetIPv4IsDHCPValid
119: RTNetIPv4IsHdrValid
120: RTNetIPv4IsTCPSizeValid
121: RTNetIPv4IsTCPValid
122: RTNetIPv4IsUDPSizeValid
123: RTNetIPv4IsUDPValid
124: RTNetIPv4PseudoChecksum
125: RTNetIPv4PseudoChecksumBits
126: RTNetIPv4TCPChecksum
127: RTNetIPv4UDPChecksum
128: RTNetIPv6PseudoChecksum
129: RTNetIPv6PseudoChecksumBits
130: RTNetIPv6PseudoChecksumEx
131: RTNetTCPChecksum
132: RTNetUDPChecksum
133: RTPowerNotificationDeregister
134: RTPowerNotificationRegister
135: RTProcSelf
136: RTR0AssertPanicSystem
137: RTR0MemAreKrnlAndUsrDifferent
138: RTR0MemKernelIsValidAddr
139: RTR0MemKernelCopyFrom
140: RTR0MemKernelCopyTo
141: RTR0MemObjAddress
142: RTR0MemObjAddressR3
143: RTR0MemObjAllocContTag
144: RTR0MemObjAllocLowTag
145: RTR0MemObjAllocPageTag
146: RTR0MemObjAllocPhysExTag
147: RTR0MemObjAllocPhysNCTag
148: RTR0MemObjAllocPhysTag
149: RTR0MemObjEnterPhysTag
150: RTR0MemObjFree
151: RTR0MemObjGetPagePhysAddr
152: RTR0MemObjIsMapping
153: RTR0MemObjLockUserTag
154: RTR0MemObjMapKernelExTag
155: RTR0MemObjMapKernelTag
156: RTR0MemObjMapUserTag
157: RTR0MemObjProtect
158: RTR0MemObjSize
159: RTR0MemUserCopyFrom
160: RTR0MemUserCopyTo
161: RTR0MemUserIsValidAddr
162: RTR0ProcHandleSelf
163: RTSemEventCreate
164: RTSemEventDestroy
165: RTSemEventGetResolution
166: RTSemEventMultiCreate
167: RTSemEventMultiDestroy
168: RTSemEventMultiGetResolution
169: RTSemEventMultiReset
170: RTSemEventMultiSignal
171: RTSemEventMultiWait
172: RTSemEventMultiWaitEx
173: RTSemEventMultiWaitExDebug
174: RTSemEventMultiWaitNoResume
175: RTSemEventSignal
176: RTSemEventWait
177: RTSemEventWaitEx
178: RTSemEventWaitExDebug
179: RTSemEventWaitNoResume
180: RTSemFastMutexCreate
181: RTSemFastMutexDestroy
182: RTSemFastMutexRelease
183: RTSemFastMutexRequest
184: RTSemMutexCreate
185: RTSemMutexDestroy
186: RTSemMutexRelease
187: RTSemMutexRequest
188: RTSemMutexRequestDebug
189: RTSemMutexRequestNoResume
190: RTSemMutexRequestNoResumeDebug
191: RTSpinlockAcquire
192: RTSpinlockCreate
193: RTSpinlockDestroy
194: RTSpinlockRelease
195: RTSpinlockReleaseNoInts
196: RTStrCopy
197: RTStrDupTag
198: RTStrFormat
199: RTStrFormatNumber
200: RTStrFormatTypeDeregister
201: RTStrFormatTypeRegister
202: RTStrFormatTypeSetUser
203: RTStrFormatV
204: RTStrFree
205: RTStrNCmp
206: RTStrPrintf
207: RTStrPrintfEx
208: RTStrPrintfExV
209: RTStrPrintfV
210: RTThreadCreate
211: RTThreadGetName
212: RTThreadGetNative
213: RTThreadGetType
214: RTThreadIsInInterrupt
215: RTThreadNativeSelf
216: RTThreadPreemptDisable
217: RTThreadPreemptIsEnabled
218: RTThreadPreemptIsPending
219: RTThreadPreemptIsPendingTrusty
220: RTThreadPreemptIsPossible
221: RTThreadPreemptRestore
222: RTThreadSelf
223: RTThreadSelfName
224: RTThreadSleep
225: RTThreadUserReset
226: RTThreadUserSignal
227: RTThreadUserWait
228: RTThreadUserWaitNoResume
229: RTThreadWait
230: RTThreadWaitNoResume
231: RTThreadYield
232: RTTimeMilliTS
233: RTTimeNanoTS
234: RTTimeNow
235: RTTimerCanDoHighResolution
236: RTTimerChangeInterval
237: RTTimerCreate
238: RTTimerCreateEx
239: RTTimerDestroy
240: RTTimerGetSystemGranularity
241: RTTimerReleaseSystemGranularity
242: RTTimerRequestSystemGranularity
243: RTTimerStart
244: RTTimerStop
245: RTTimeSystemMilliTS
246: RTTimeSystemNanoTS
247: RTUuidCompare
248: RTUuidCompareStr
249: RTUuidFromStr
